41240 xx
       0.00000000   -1451.05948835    7561.76243238      -1.42462460 -2.867491867 -0.548192003  6.574251408
    7681.809874 0.001484   66.03177  131.33854  238.88699  213.70340  213.79784  2016  1 10  0: 0: 0.000000 
    7693.931487 0.000998   66.05185  131.30119  174.81990  342.16680  342.20180  2016  1 10  0:20: 0.000009 
    7689.831112 0.000597   66.04507  131.29427  213.07506    8.37496    8.36500  2016  1 10  0:40: 0.000018 
    7682.851844 0.001414   66.03350  131.24536  152.83993  133.02457  132.90604  2016  1 10  0:59:59.999987 
    7695.698660 0.000576   66.05479  131.21865  223.55239  126.61200  126.55898  2016  1 10  1:19:59.999996 
    7686.635177 0.001473   66.03977  131.20616  198.96382  215.45309  215.55108  2016  1 10  1:40: 0.000004 
    7685.087817 0.000756   66.03722  131.15372  248.49304  230.25165  230.31830  2016  1 10  2: 0: 0.000013 
    7696.088608 0.001362   66.05541  131.13695  191.78973  351.39027  351.41360  2016  1 10  2:19:59.999982 
    7683.846696 0.000572   66.03516  131.11548  124.50516  123.13250  123.07758  2016  1 10  2:39:59.999991 
    7688.201396 0.001326   66.04236  131.06424  186.65865  125.34771  125.22373  2016  1 10  3: 0: 0.000000 
    7694.989467 0.000535   66.05361  131.05499  174.71898  201.55309  201.57561  2016  1 10  3:20: 0.000009 
    7682.170299 0.001637   66.03236  131.02303  227.28356  213.25941  213.36239  2016  1 10  3:40: 0.000018 
    7691.379006 0.000662   66.04763  130.97742  178.84332  326.07503  326.11736  2016  1 10  3:59:59.999987 
    7692.670901 0.000965   66.04976  130.97159  211.74007  357.63734  357.64190  2016  1 10  4:19:59.999996 
    7681.841535 0.001266   66.03183  130.92958  138.97290  134.83642  134.73345  2016  1 10  4:40: 0.000004 
    7694.127674 0.000844   66.05218  130.89315  218.00621  120.12318  120.03948  2016  1 10  5: 0: 0.000013 
    7689.601630 0.001216   66.04468  130.88590  186.08154  216.29917  216.38175  2016  1 10  5:19:59.999982 
    7682.957664 0.001136   66.03368  130.83664  248.64587  218.04210  218.12237  2016  1 10  5:39:59.999991 
    7695.787987 0.001285   66.05491  130.81065  182.25720  348.84986  348.87832  2016  1 10  6: 0: 0.000000 
    7686.354629 0.000300   66.03932  130.79757  163.74566   71.82443   71.79174  2016  1 10  6:20: 0.000009 
    7685.356819 0.001433   66.03765  130.74502  170.67951  129.28120  129.15404  2016  1 10  6:40: 0.000018 
    7696.037783 0.000387   66.05535  130.72902  200.17922  164.06061  164.04843  2016  1 10  6:59:59.999987 
    7683.709101 0.001642   66.03491  130.70679  214.43073  214.06885  214.17436  2016  1 10  7:19:59.999996 
    7688.404495 0.000463   66.04271  130.65579  213.15210  279.70104  279.75330  2016  1 10  7:40: 0.000004 
    7694.860130 0.001237   66.05338  130.64697  203.34586  353.95788  353.97279  2016  1 10  8: 0: 0.000013 
    7682.070005 0.000998   66.03221  130.61410  127.75713  133.99270  133.91041  2016  1 10  8:19:59.999982 
    7691.655328 0.001098   66.04808  130.56920  204.78768  121.30409  121.19651  2016  1 10  8:39:59.999991 
    7692.454932 0.000901   66.04941  130.56340  175.57554  214.77121  214.83011  2016  1 10  9: 0: 0.000000 
    7681.873525 0.001443   66.03188  130.52080  240.47079  214.16471  214.25767  2016  1 10  9:20: 0.000009 
    7694.288818 0.001053   66.05244  130.48504  175.31668  343.71908  343.75290  2016  1 10  9:40: 0.000018 
    7689.319237 0.000534   66.04422  130.47753  210.87303   12.62671   12.61334  2016  1 10  9:59:59.999987 
    7683.136687 0.001431   66.03397  130.42777  155.31134  132.59944  132.47866  2016  1 10 10:19:59.999996 
    7695.853302 0.000535   66.05504  130.40271  222.35120  129.85571  129.80863  2016  1 10 10:40: 0.000004 
    7686.158075 0.001510   66.03897  130.38901  201.07906  215.38079  215.48105  2016  1 10 11: 0: 0.000013 
    7685.528906 0.000692   66.03795  130.33643  246.27025  234.52133  234.58592  2016  1 10 11:19:59.999982 
    7696.013451 0.001361   66.05528  130.32105  193.35335  351.87652  351.89854  2016  1 10 11:39:59.999991 
    7683.499596 0.000640   66.03458  130.29798  123.62912  126.05723  125.99788  2016  1 10 12: 0: 0.000000 
    7688.711575 0.001302   66.04321  130.24736  189.23308  124.81774  124.69522  2016  1 10 12:20: 0.000009 
    7694.699306 0.000585   66.05313  130.23893  173.10841  205.20574  205.23432  2016  1 10 12:40: 0.000018 
    7682.021597 0.001622   66.03212  130.20533  229.20355  213.38376  213.48612  2016  1 10 12:59:59.999987 
    7691.855793 0.000723   66.04842  130.16095  176.54591  330.42093  330.46180  2016  1 10 13:19:59.999996 
    7692.221831 0.000909   66.04902  130.15522  212.47579  358.95158  358.95348  2016  1 10 13:40: 0.000004 
    7681.928047 0.001305   66.03197  130.11185  141.19582  134.66060  134.55417  2016  1 10 14: 0: 0.000013 
    7694.467628 0.000799   66.05275  130.07702  219.41269  120.75968  120.68094  2016  1 10 14:19:59.999982 
    7689.091784 0.001269   66.04384  130.06914  188.02677  216.39644  216.48276  2016  1 10 14:39:59.999991 
    7683.253586 0.001073   66.03417  130.01906  249.22890  219.50515  219.58340  2016  1 10 15: 0: 0.000000 
    7695.927819 0.001314   66.05514  129.99472  183.63440  349.52226  349.54961  2016  1 10 15:20: 0.000009 
    7685.883078 0.000322   66.03853  129.98038  151.38578   86.23356   86.19673  2016  1 10 15:40: 0.000018 
    7685.808439 0.001425   66.03839  129.92777  173.27154  128.73444  128.60694  2016  1 10 15:59:59.999987 
    7695.944283 0.000393   66.05519  129.91311  193.68731  172.59469  172.58888  2016  1 10 16:19:59.999996 
    7683.374146 0.001653   66.03436  129.88927  216.51168  214.03154  214.13764  2016  1 10 16:40: 0.000004 
    7688.917013 0.000470   66.04356  129.83894  204.37048  290.53046  290.58091  2016  1 10 17: 0: 0.000013 
    7694.552837 0.001203   66.05287  129.83089  204.76021  354.59356  354.60654  2016  1 10 17:19:59.999982 
    7681.942777 0.001055   66.03200  129.79638  129.42244  134.37528  134.28878  2016  1 10 17:39:59.999991 
    7692.121512 0.001060   66.04886  129.75276  207.05198  121.08338  120.97932  2016  1 10 18: 0: 0.000000 
    7692.000870 0.000960   66.04866  129.74701  176.87819  215.51075  215.57470  2016  1 10 18:20: 0.000009 
    7681.973178 0.001398   66.03204  129.70307  241.96260  214.71817  214.80952  2016  1 10 18:40: 0.000018 
    7694.618854 0.001106   66.05298  129.66893  176.02824  345.05669  345.08934  2016  1 10 18:59:59.999987 
    7688.805550 0.000474   66.04337  129.66073  207.39438   18.15503   18.13812  2016  1 10 19:19:59.999996 
    7683.451098 0.001444   66.03449  129.61022  157.80249  132.15440  132.03163  2016  1 10 19:40: 0.000004 
    7695.972838 0.000497   66.05524  129.58680  220.31567  133.93369  133.89268  2016  1 10 20: 0: 0.000013 
    7685.695130 0.001543   66.03821  129.57180  203.20083  215.30205  215.40432  2016  1 10 20:19:59.999982 
    7685.987558 0.000632   66.03871  129.51920  243.07584  239.76278  239.82532  2016  1 10 20:39:59.999991 
    7695.902050 0.001354   66.05510  129.50514  194.91634  352.36347  352.38407  2016  1 10 21: 0: 0.000000 
    7683.180407 0.000709   66.03405  129.48044  123.45415  128.28078  128.21700  2016  1 10 21:20: 0.000009 
    7689.222923 0.001275   66.04405  129.43054  191.77846  124.31667  124.19595  2016  1 10 21:40: 0.000018 
    7694.379955 0.000639   66.05260  129.42283  172.23279  208.12343  208.15797  2016  1 10 21:59:59.999987 
    7681.908077 0.001602   66.03193  129.38760  231.07992  213.55188  213.65342  2016  1 10 22:19:59.999996 
    7692.317813 0.000785   66.04918  129.34454  175.03621  333.97923  334.01868  2016  1 10 22:40: 0.000004 
    7691.756036 0.000850   66.04825  129.33880  212.95619    0.52111    0.52023  2016  1 10 23: 0: 0.000013 
    7682.050333 0.001340   66.03217  129.29413  143.46561  134.43776  134.32805  2016  1 10 23:19:59.999982 
    7694.779501 0.000754   66.05326  129.26093  220.53555  121.67970  121.60615  2016  1 10 23:39:59.999991 
    7688.581222 0.001319   66.04299  129.25230  190.02208  216.44367  216.53350  2016  1 11  0: 0: 0.000000 
